Arguments: 
  C:\Program Files\nodejs\node.exe C:\Users\chris\AppData\Roaming\npm\node_modules\yarn\bin\yarn.js add @material-ui/core @material-ui/icons gatsby gatsby-image gatsby-plugin-image gatsby-plugin-material-ui gatsby-plugin-sharp gastby-source-filesystem gatsby-transformer-sharp gh-pages react react-dom

PATH: 
  C:\Program Files\Java\jdk-11.0.2\bin;C:\Program Files\Common Files\Oracle\Java\javapath;C:\WINDOWS\system32;C:\WINDOWS;C:\WINDOWS\System32\Wbem;C:\WINDOWS\System32\WindowsPowerShell\v1.0\;C:\WINDOWS\System32\OpenSSH\;C:\Program Files\Git\cmd;C:\HashiCorp\Vagrant\bin;C:\Program Files\nodejs\;C:\Program Files\Java\jre1.8.0_271\bin;C:\Program Files\PostgreSQL\13\bin;C:\Program Files\Redis\;C:\Mu\bin;C:\Python\Python38\Scripts\;C:\Python\Python38\;C:\Users\chris\AppData\Local\Microsoft\WindowsApps;C:\Users\chris\AppData\Local\Programs\Microsoft VS Code\bin;C:\Users\chris\AppData\Roaming\npm;C:\Program Files\nodejs;C:\Users\chris\AppData\Local\atom\bin;C:\Program Files\mingw-w64\x86_64-8.1.0-posix-seh-rt_v6-rev0\mingw64\bin;C:\Users\chris\OneDrive\Desktop\nand2tetris\tools;C:\Program Files\Java\jre1.8.0_271\bin;;C:\Users\chris\AppData\Local\hyper\app-3.0.2\resources\bin;C:\Program Files\heroku\bin;C:\Users\chris\AppData\Local\Microsoft\WindowsApps

Yarn version: 
  1.22.11

Node version: 
  14.15.1

Platform: 
  win32 x64

Trace: 
  Error: https://registry.yarnpkg.com/gastby-source-filesystem: Not found
      at Request.params.callback [as _callback] (C:\Users\chris\AppData\Roaming\npm\node_modules\yarn\lib\cli.js:66992:18)
      at Request.self.callback (C:\Users\chris\AppData\Roaming\npm\node_modules\yarn\lib\cli.js:140763:22)
      at Request.emit (events.js:315:20)
      at Request.<anonymous> (C:\Users\chris\AppData\Roaming\npm\node_modules\yarn\lib\cli.js:141735:10)
      at Request.emit (events.js:315:20)
      at IncomingMessage.<anonymous> (C:\Users\chris\AppData\Roaming\npm\node_modules\yarn\lib\cli.js:141657:12)
      at Object.onceWrapper (events.js:421:28)
      at IncomingMessage.emit (events.js:327:22)
      at endReadableNT (_stream_readable.js:1327:12)
      at processTicksAndRejections (internal/process/task_queues.js:80:21)

npm manifest: 
  {
    "name": "resume",
    "version": "1.0.0",
    "private": true,
    "description": "resume",
    "author": "ChrisVL-W",
    "keywords": [
      "gatsby"
    ],
    "scripts": {
      "develop": "gatsby develop",
      "start": "gatsby develop",
      "build": "gatsby build",
      "serve": "gatsby serve",
      "clean": "gatsby clean",
      "deploy": "gatsby build --prefix-paths && gh-pages -d public"
    },
    "dependencies": {},
    "devDependencies": {
      "@types/node": "^16.9.6",
      "@types/react": "^17.0.24",
      "@types/react-dom": "^17.0.9",
      "typescript": "^4.4.3"
    },
    "main": "index.js",
    "repository": "https://github.com/crvlwanek/cv.git",
    "license": "MIT"
  }

yarn manifest: 
  No manifest

Lockfile: 
  # THIS IS AN AUTOGENERATED FILE. DO NOT EDIT THIS FILE DIRECTLY.
  # yarn lockfile v1
  
  
  "@types/node@^16.9.6":
    version "16.9.6"
    resolved "https://registry.yarnpkg.com/@types/node/-/node-16.9.6.tgz#040a64d7faf9e5d9e940357125f0963012e66f04"
    integrity sha512-YHUZhBOMTM3mjFkXVcK+WwAcYmyhe1wL4lfqNtzI0b3qAy7yuSetnM7QJazgE5PFmgVTNGiLOgRFfJMqW7XpSQ==
  
  "@types/prop-types@*":
    version "15.7.4"
    resolved "https://registry.yarnpkg.com/@types/prop-types/-/prop-types-15.7.4.tgz#fcf7205c25dff795ee79af1e30da2c9790808f11"
    integrity sha512-rZ5drC/jWjrArrS8BR6SIr4cWpW09RNTYt9AMZo3Jwwif+iacXAqgVjm0B0Bv/S1jhDXKHqRVNCbACkJ89RAnQ==
  
  "@types/react-dom@^17.0.9":
    version "17.0.9"
    resolved "https://registry.yarnpkg.com/@types/react-dom/-/react-dom-17.0.9.tgz#441a981da9d7be117042e1a6fd3dac4b30f55add"
    integrity sha512-wIvGxLfgpVDSAMH5utdL9Ngm5Owu0VsGmldro3ORLXV8CShrL8awVj06NuEXFQ5xyaYfdca7Sgbk/50Ri1GdPg==
    dependencies:
      "@types/react" "*"
  
  "@types/react@*", "@types/react@^17.0.24":
    version "17.0.24"
    resolved "https://registry.yarnpkg.com/@types/react/-/react-17.0.24.tgz#7e1b3f78d0fc53782543f9bce6d949959a5880bd"
    integrity sha512-eIpyco99gTH+FTI3J7Oi/OH8MZoFMJuztNRimDOJwH4iGIsKV2qkGnk4M9VzlaVWeEEWLWSQRy0FEA0Kz218cg==
    dependencies:
      "@types/prop-types" "*"
      "@types/scheduler" "*"
      csstype "^3.0.2"
  
  "@types/scheduler@*":
    version "0.16.2"
    resolved "https://registry.yarnpkg.com/@types/scheduler/-/scheduler-0.16.2.tgz#1a62f89525723dde24ba1b01b092bf5df8ad4d39"
    integrity sha512-hppQEBDmlwhFAXKJX2KnWLYu5yMfi91yazPb2l+lbJiwW+wdo1gNeRA+3RgNSO39WYX2euey41KEwnqesU2Jew==
  
  csstype@^3.0.2:
    version "3.0.9"
    resolved "https://registry.yarnpkg.com/csstype/-/csstype-3.0.9.tgz#6410af31b26bd0520933d02cbc64fce9ce3fbf0b"
    integrity sha512-rpw6JPxK6Rfg1zLOYCSwle2GFOOsnjmDYDaBwEcwoOg4qlsIVCN789VkBZDJAGi4T07gI4YSutR43t9Zz4Lzuw==
  
  typescript@^4.4.3:
    version "4.4.3"
    resolved "https://registry.yarnpkg.com/typescript/-/typescript-4.4.3.tgz#bdc5407caa2b109efd4f82fe130656f977a29324"
    integrity sha512-4xfscpisVgqqDfPaJo5vkd+Qd/ItkoagnHpufr+i2QCHBsNYp+G7UAoyFl8aPtx879u38wPV65rZ8qbGZijalA==
